<?xml version="1.0" encoding="UTF-8"?>
<!-- Generated by org.testng.reporters.JUnitReportReporter -->
<testsuite hostname="LAPTOP-7AE2PAGQ" failures="0" tests="1" name="com.testexecution.SmokeTestWithTEstNG" time="2.913" errors="0" timestamp="2020-11-20T22:28:49 EST" skipped="0">
  <testcase classname="com.testexecution.SmokeTestWithTEstNG" name="getTest" time="2.913"/>
  <system-out/>
</testsuite> <!-- com.testexecution.SmokeTestWithTEstNG -->
